0 info it worked if it ends with ok
1 verbose cli [ '/usr/local/bin/node', '/usr/local/bin/npm', 'run', 'babel' ]
2 info using npm@3.10.9
3 info using node@v6.9.1
4 verbose run-script [ 'prebabel', 'babel', 'postbabel' ]
5 info lifecycle js-clock@1.0.0~prebabel: js-clock@1.0.0
6 silly lifecycle js-clock@1.0.0~prebabel: no script for prebabel, continuing
7 info lifecycle js-clock@1.0.0~babel: js-clock@1.0.0
8 verbose lifecycle js-clock@1.0.0~babel: unsafe-perm in lifecycle true
9 verbose lifecycle js-clock@1.0.0~babel: PATH: /usr/local/lib/node_modules/npm/bin/node-gyp-bin:/Users/nedpike/WDI_front/front/javascript/JavaScript30/02 - JS + CSS Clock/node_modules/.bin:/Users/nedpike/.rvm/gems/ruby-2.3.0/bin:/Users/nedpike/.rvm/gems/ruby-2.3.0@global/bin:/Users/nedpike/.rvm/rubies/ruby-2.3.0/bin:/usr/local/bin:/usr/bin:/bin:/usr/sbin:/sbin:/Users/nedpike/.rvm/bin:/Users/nedpike/.rvm/bin:/Users/nedpike/rvm/bin:/Applications/Postgres.app/Contents/Versions/latest/bin
10 verbose lifecycle js-clock@1.0.0~babel: CWD: /Users/nedpike/WDI_front/front/javascript/JavaScript30/02 - JS + CSS Clock
11 silly lifecycle js-clock@1.0.0~babel: Args: [ '-c', 'babel yourfile.js --watch --out-file outputFile.js' ]
12 silly lifecycle js-clock@1.0.0~babel: Returned: code: 2  signal: null
13 info lifecycle js-clock@1.0.0~babel: Failed to exec babel script
14 verbose stack Error: js-clock@1.0.0 babel: `babel yourfile.js --watch --out-file outputFile.js`
14 verbose stack Exit status 2
14 verbose stack     at EventEmitter.<anonymous> (/usr/local/lib/node_modules/npm/lib/utils/lifecycle.js:255:16)
14 verbose stack     at emitTwo (events.js:106:13)
14 verbose stack     at EventEmitter.emit (events.js:191:7)
14 verbose stack     at ChildProcess.<anonymous> (/usr/local/lib/node_modules/npm/lib/utils/spawn.js:40:14)
14 verbose stack     at emitTwo (events.js:106:13)
14 verbose stack     at ChildProcess.emit (events.js:191:7)
14 verbose stack     at maybeClose (internal/child_process.js:877:16)
14 verbose stack     at Process.ChildProcess._handle.onexit (internal/child_process.js:226:5)
15 verbose pkgid js-clock@1.0.0
16 verbose cwd /Users/nedpike/WDI_front/front/javascript/JavaScript30/02 - JS + CSS Clock
17 error Darwin 16.0.0
18 error argv "/usr/local/bin/node" "/usr/local/bin/npm" "run" "babel"
19 error node v6.9.1
20 error npm  v3.10.9
21 error code ELIFECYCLE
22 error js-clock@1.0.0 babel: `babel yourfile.js --watch --out-file outputFile.js`
22 error Exit status 2
23 error Failed at the js-clock@1.0.0 babel script 'babel yourfile.js --watch --out-file outputFile.js'.
23 error Make sure you have the latest version of node.js and npm installed.
23 error If you do, this is most likely a problem with the js-clock package,
23 error not with npm itself.
23 error Tell the author that this fails on your system:
23 error     babel yourfile.js --watch --out-file outputFile.js
23 error You can get information on how to open an issue for this project with:
23 error     npm bugs js-clock
23 error Or if that isn't available, you can get their info via:
23 error     npm owner ls js-clock
23 error There is likely additional logging output above.
24 verbose exit [ 1, true ]
